<?xml version="1.0" encoding="UTF-8"?>
<testng-results skipped="0" failed="1" ignored="0" total="5" passed="4">
  <reporter-output>
  </reporter-output>
  <suite name="Suite" duration-ms="65645" started-at="2021-11-03T11:32:06 IST" finished-at="2021-11-03T11:33:11 IST">
    <groups>
    </groups>
    <test name="Validating navigation bar" duration-ms="20353" started-at="2021-11-03T11:32:06 IST" finished-at="2021-11-03T11:32:26 IST">
      <class name="Academy.EEProject.validateNavigationBar">
        <test-method status="PASS" signature="initialize()[pri:0, instance:Academy.EEProject.validateNavigationBar@5403f35f]" name="initialize" is-config="true" duration-ms="20009" started-at="2021-11-03T11:32:06 IST" finished-at="2021-11-03T11:32:26 IST">
          <reporter-output>
          </reporter-output>
        </test-method> <!-- initialize -->
        <test-method status="PASS" signature="validateAppNavBar()[pri:0, instance:Academy.EEProject.validateNavigationBar@5403f35f]" name="validateAppNavBar" duration-ms="133" started-at="2021-11-03T11:32:26 IST" finished-at="2021-11-03T11:32:26 IST">
          <reporter-output>
          </reporter-output>
        </test-method> <!-- validateAppNavBar -->
        <test-method status="PASS" signature="teardown()[pri:0, instance:Academy.EEProject.validateNavigationBar@5403f35f]" name="teardown" is-config="true" duration-ms="135" started-at="2021-11-03T11:32:26 IST" finished-at="2021-11-03T11:32:26 IST">
          <reporter-output>
          </reporter-output>
        </test-method> <!-- teardown -->
      </class> <!-- Academy.EEProject.validateNavigationBar -->
    </test> <!-- Validating navigation bar -->
    <test name="Validating user login" duration-ms="30582" started-at="2021-11-03T11:32:26 IST" finished-at="2021-11-03T11:32:57 IST">
      <class name="Academy.EEProject.HomePage">
        <test-method status="PASS" signature="initialize()[pri:0, instance:Academy.EEProject.HomePage@614ca7df]" name="initialize" is-config="true" duration-ms="22453" started-at="2021-11-03T11:32:26 IST" finished-at="2021-11-03T11:32:49 IST">
          <reporter-output>
          </reporter-output>
        </test-method> <!-- initialize -->
        <test-method status="PASS" signature="basePageNavigation(java.lang.String,java.lang.String,java.lang.String)[pri:0, instance:Academy.EEProject.HomePage@614ca7df]" name="basePageNavigation" duration-ms="4544" started-at="2021-11-03T11:32:49 IST" data-provider="getData" finished-at="2021-11-03T11:32:53 IST">
          <params>
            <param index="0">
              <value>
                <![CDATA[nonrestricteduser@qw.com]]>
              </value>
            </param>
            <param index="1">
              <value>
                <![CDATA[123456]]>
              </value>
            </param>
            <param index="2">
              <value>
                <![CDATA[Restricted User]]>
              </value>
            </param>
          </params>
          <reporter-output>
          </reporter-output>
        </test-method> <!-- basePageNavigation -->
        <test-method status="PASS" signature="basePageNavigation(java.lang.String,java.lang.String,java.lang.String)[pri:0, instance:Academy.EEProject.HomePage@614ca7df]" name="basePageNavigation" duration-ms="3465" started-at="2021-11-03T11:32:53 IST" data-provider="getData" finished-at="2021-11-03T11:32:57 IST">
          <params>
            <param index="0">
              <value>
                <![CDATA[restricteduser@qw.com]]>
              </value>
            </param>
            <param index="1">
              <value>
                <![CDATA[7890]]>
              </value>
            </param>
            <param index="2">
              <value>
                <![CDATA[Non Restricted User]]>
              </value>
            </param>
          </params>
          <reporter-output>
          </reporter-output>
        </test-method> <!-- basePageNavigation -->
        <test-method status="PASS" signature="teardown()[pri:0, instance:Academy.EEProject.HomePage@614ca7df]" name="teardown" is-config="true" duration-ms="110" started-at="2021-11-03T11:32:57 IST" finished-at="2021-11-03T11:32:57 IST">
          <reporter-output>
          </reporter-output>
        </test-method> <!-- teardown -->
      </class> <!-- Academy.EEProject.HomePage -->
    </test> <!-- Validating user login -->
    <test name="App test" duration-ms="0" started-at="2021-11-03T11:32:57 IST" finished-at="2021-11-03T11:32:57 IST">
    </test> <!-- App test -->
    <test name="Validating title in the page" duration-ms="14190" started-at="2021-11-03T11:32:57 IST" finished-at="2021-11-03T11:33:11 IST">
      <class name="Academy.EEProject.validateTitle">
        <test-method status="PASS" signature="initialize()[pri:0, instance:Academy.EEProject.validateTitle@39d76cb5]" name="initialize" is-config="true" duration-ms="13555" started-at="2021-11-03T11:32:57 IST" finished-at="2021-11-03T11:33:11 IST">
          <reporter-output>
          </reporter-output>
        </test-method> <!-- initialize -->
        <test-method status="FAIL" signature="validateAppTitle()[pri:0, instance:Academy.EEProject.validateTitle@39d76cb5]" name="validateAppTitle" duration-ms="51" started-at="2021-11-03T11:33:11 IST" finished-at="2021-11-03T11:33:11 IST">
          <exception class="java.lang.AssertionError">
            <message>
              <![CDATA[expected [FEATURE COURSES] but found [FEATURED COURSES]]]>
            </message>
            <full-stacktrace>
              <![CDATA[java.lang.AssertionError: expected [FEATURE COURSES] but found [FEATURED COURSES]
at org.testng.Assert.fail(Assert.java:99)
at org.testng.Assert.failNotEquals(Assert.java:1037)
at org.testng.Assert.assertEqualsImpl(Assert.java:140)
at org.testng.Assert.assertEquals(Assert.java:122)
at org.testng.Assert.assertEquals(Assert.java:629)
at org.testng.Assert.assertEquals(Assert.java:639)
at Academy.EEProject.validateTitle.validateAppTitle(validateTitle.java:46)
at sun.reflect.NativeMethodAccessorImpl.invoke0(Native Method)
at sun.reflect.NativeMethodAccessorImpl.invoke(NativeMethodAccessorImpl.java:62)
at sun.reflect.DelegatingMethodAccessorImpl.invoke(DelegatingMethodAccessorImpl.java:43)
at java.lang.reflect.Method.invoke(Method.java:498)
at org.testng.internal.MethodInvocationHelper.invokeMethod(MethodInvocationHelper.java:133)
at org.testng.internal.TestInvoker.invokeMethod(TestInvoker.java:598)
at org.testng.internal.TestInvoker.invokeTestMethod(TestInvoker.java:173)
at org.testng.internal.MethodRunner.runInSequence(MethodRunner.java:46)
at org.testng.internal.TestInvoker$MethodInvocationAgent.invoke(TestInvoker.java:824)
at org.testng.internal.TestInvoker.invokeTestMethods(TestInvoker.java:146)
at org.testng.internal.TestMethodWorker.invokeTestMethods(TestMethodWorker.java:146)
at org.testng.internal.TestMethodWorker.run(TestMethodWorker.java:128)
at java.util.ArrayList.forEach(ArrayList.java:1257)
at org.testng.TestRunner.privateRun(TestRunner.java:794)
at org.testng.TestRunner.run(TestRunner.java:596)
at org.testng.SuiteRunner.runTest(SuiteRunner.java:377)
at org.testng.SuiteRunner.runSequentially(SuiteRunner.java:371)
at org.testng.SuiteRunner.privateRun(SuiteRunner.java:332)
at org.testng.SuiteRunner.run(SuiteRunner.java:276)
at org.testng.SuiteRunnerWorker.runSuite(SuiteRunnerWorker.java:53)
at org.testng.SuiteRunnerWorker.run(SuiteRunnerWorker.java:96)
at org.testng.TestNG.runSuitesSequentially(TestNG.java:1212)
at org.testng.TestNG.runSuitesLocally(TestNG.java:1134)
at org.testng.TestNG.runSuites(TestNG.java:1063)
at org.testng.TestNG.run(TestNG.java:1031)
at org.apache.maven.surefire.testng.TestNGExecutor.run(TestNGExecutor.java:284)
at org.apache.maven.surefire.testng.TestNGXmlTestSuite.execute(TestNGXmlTestSuite.java:75)
at org.apache.maven.surefire.testng.TestNGProvider.invoke(TestNGProvider.java:119)
at org.apache.maven.surefire.booter.ForkedBooter.runSuitesInProcess(ForkedBooter.java:428)
at org.apache.maven.surefire.booter.ForkedBooter.execute(ForkedBooter.java:162)
at org.apache.maven.surefire.booter.ForkedBooter.run(ForkedBooter.java:562)
at org.apache.maven.surefire.booter.ForkedBooter.main(ForkedBooter.java:548)
]]>
            </full-stacktrace>
          </exception> <!-- java.lang.AssertionError -->
          <reporter-output>
          </reporter-output>
        </test-method> <!-- validateAppTitle -->
        <test-method status="PASS" signature="validateHeader()[pri:0, instance:Academy.EEProject.validateTitle@39d76cb5]" name="validateHeader" duration-ms="40" started-at="2021-11-03T11:33:11 IST" finished-at="2021-11-03T11:33:11 IST">
          <reporter-output>
          </reporter-output>
        </test-method> <!-- validateHeader -->
        <test-method status="PASS" signature="teardown()[pri:0, instance:Academy.EEProject.validateTitle@39d76cb5]" name="teardown" is-config="true" duration-ms="116" started-at="2021-11-03T11:33:11 IST" finished-at="2021-11-03T11:33:11 IST">
          <reporter-output>
          </reporter-output>
        </test-method> <!-- teardown -->
      </class> <!-- Academy.EEProject.validateTitle -->
    </test> <!-- Validating title in the page -->
  </suite> <!-- Suite -->
</testng-results>
